<!DOCTYPE article PUBLIC "my doctype of doom" "mydoctype.dtd">
<data>
    Parthénogénese du poulpe en milieu sub-aquatique
    <p>My other data</p>
    <div>My other data 2</div>
    <li>My other data 3</li>
</data>
